æ¨æµåœ°å€å’Œæ¨æµç :rtmp://live-push.bilivideo.com/live-bvc/?streamname=live_97540856_1852534&key=a042d1eb6f69ca88b16f4fb9bf9a5435&schedule=rtmp&pflag=1
æ°´å°æ–‡ä»¶:
æ’­æ”¾åˆ—è¡¨:/mnt/tool/live-tool/list/playlist.m3u
å·²æ’­æ”¾åˆ—è¡¨:/mnt/tool/live-tool/list/playlist_done.m3u
[0;33m FFmpegæ— äººå€¼å®ˆç›´æ’­å·¥å…·(version 1.1) [0m
[0;32m 1.å®‰è£…FFmpeg (æœºå™¨è¦å®‰è£…FFmpegæ‰èƒ½æ­£å¸¸æ¨æµ) [0m
[0;32m 2.å¼€å§‹æ— äººå€¼å®ˆå¾ªç¯æ¨æµ [0m
[0;32m 3.å¼€å§‹æ’­æ”¾çš„å•ä¸ªç›®å½• [0m
[0;32m 4.å¢åŠ è§†é¢‘ç›®å½• [0m
[0;32m 5.åœæ­¢æ¨æµ [0m
2
seq
bg
[0;32m æ¨æµåœ°å€è¾“å…¥æ­£ç¡®,ç¨‹åºå°†è¿›è¡Œä¸‹ä¸€æ­¥æ“ä½œ. [0m
ffmpeg: no process found
æ–‡ä»¶å¤§å°:861171224
æ¨é€/mnt/smb/ç”µè§†å‰§/ä»Šç”Ÿæ— æ‚”å›½è¯­720P/06.ts
[mpegts @ 0x555a2a574d40] [warning] start time for stream 0 is not set in estimate_timings_from_pts
[warning] Unsupported codec with id 98313 for input stream 0
[mpegts @ 0x55fc91f1bd40] [warning] start time for stream 0 is not set in estimate_timings_from_pts
[warning] Unsupported codec with id 98313 for input stream 0
[mpegts @ 0x55f3cbbadd40] [warning] start time for stream 0 is not set in estimate_timings_from_pts
[warning] Unsupported codec with id 98313 for input stream 0
[mpegts @ 0x5621ec0dfd40] [warning] start time for stream 0 is not set in estimate_timings_from_pts
[warning] Unsupported codec with id 98313 for input stream 0
[mpegts @ 0x5629e9b3fd40] [warning] start time for stream 0 is not set in estimate_timings_from_pts
[warning] Unsupported codec with id 98313 for input stream 0
[mpegts @ 0x5581333eed40] [warning] start time for stream 0 is not set in estimate_timings_from_pts
[warning] Unsupported codec with id 98313 for input stream 0
0:1, 0:2,
åŒ—äº¬ æ™´ 37â„ƒ;æ¾³é—¨ é›·é˜µé›¨ 31â„ƒ;é•¿æ˜¥ é›·é˜µé›¨ 28â„ƒ;é•¿æ²™ æ™´ 36â„ƒ;æˆéƒ½ æ™´è½¬å¤šäº‘ 35â„ƒ;ç¦å· æ™´è½¬å¤šäº‘ 39â„ƒ;å¹¿å· å¤šäº‘è½¬æ™´ 34â„ƒ;è´µé˜³ å¤šäº‘è½¬é˜´ 30â„ƒ;å“ˆå°”æ»¨ é›·é˜µé›¨è½¬å¤šäº‘ 28â„ƒ;æµ·å£ å¤šäº‘ 36â„ƒ;æ­å· é›·é˜µé›¨è½¬æ™´ 35â„ƒ;åˆè‚¥ å¤šäº‘è½¬æ™´ 35â„ƒ;å‘¼å’Œæµ©ç‰¹ å¤šäº‘è½¬æ™´ 30â„ƒ;æµå— æ™´è½¬å¤šäº‘ 39â„ƒ;æ˜†æ˜ å°é›¨è½¬é˜µé›¨ 28â„ƒ;å…°å· æ™´ 37â„ƒ;æ‹‰è¨ é˜µé›¨ 23â„ƒ;å—æ˜Œ å¤šäº‘ 36â„ƒ;å—äº¬ é˜´ 32â„ƒ;å—å® å¤šäº‘ 35â„ƒ;æ²ˆé˜³ ä¸­é›¨è½¬ä¸­åˆ°å¤§é›¨ 27â„ƒ;çŸ³å®¶åº„ å¤šäº‘è½¬æ™´ 37â„ƒ;å°åŒ— æ™´ 33â„ƒ;å¤ªåŸ æ™´ 33â„ƒ;å¤©æ´¥ å¤šäº‘è½¬æ™´ 35â„ƒ;æ­¦æ±‰ å°é›¨è½¬ä¸­é›¨ 33â„ƒ;ä¹Œé²æœ¨é½ é˜µé›¨è½¬å¤šäº‘ 28â„ƒ;è¥¿å®‰ å¤šäº‘è½¬æ™´ 34â„ƒ;é¦™æ¸¯ é›·é˜µé›¨ 33â„ƒ;è¥¿å® å¤šäº‘è½¬æ™´ 28â„ƒ;ä¸Šæµ· å°é›¨è½¬ä¸­é›¨ 31â„ƒ;é“¶å· æ™´ 34â„ƒ;
video_type=TV0
newfontsize=46
6
40
delogo=x=965:y=40:w=75:h=60:show=0,eq=contrast=1:brightness=0.2,curves=preset=lighter,drawtext=fontsize=37:fontcolor=#FDE6E0:text='%{pts\:gmtime\:0\:%H\\\:%M\\\:%S} ''00\:44\:23':fontfile=/mnt/tool/live-tool/fonts/STFANGSO.TTF:expansion=normal:x=w-line_h\*8:y=h-line_h\*6:shadowx=2:shadowy=2:box=1:boxcolor=black@0.3:boxborderw=3,drawtext=fontsize=46:fontcolor=#FDE6E0:text='åŒ—äº¬ æ™´ 37â„ƒ;æ¾³é—¨ é›·é˜µé›¨ 31â„ƒ;é•¿æ˜¥ é›·é˜µé›¨ 28â„ƒ;é•¿æ²™ æ™´ 36â„ƒ;æˆéƒ½ æ™´è½¬å¤šäº‘ 35â„ƒ;ç¦å· æ™´è½¬å¤šäº‘ 39â„ƒ;å¹¿å· å¤šäº‘è½¬æ™´ 34â„ƒ;è´µé˜³ å¤šäº‘è½¬é˜´ 30â„ƒ;å“ˆå°”æ»¨ é›·é˜µé›¨è½¬å¤šäº‘ 28â„ƒ;æµ·å£ å¤šäº‘ 36â„ƒ;æ­å· é›·é˜µé›¨è½¬æ™´ 35â„ƒ;åˆè‚¥ å¤šäº‘è½¬æ™´ 35â„ƒ;å‘¼å’Œæµ©ç‰¹ å¤šäº‘è½¬æ™´ 30â„ƒ;æµå— æ™´è½¬å¤šäº‘ 39â„ƒ;æ˜†æ˜ å°é›¨è½¬é˜µé›¨ 28â„ƒ;å…°å· æ™´ 37â„ƒ;æ‹‰è¨ é˜µé›¨ 23â„ƒ;å—æ˜Œ å¤šäº‘ 36â„ƒ;å—äº¬ é˜´ 32â„ƒ;å—å® å¤šäº‘ 35â„ƒ;æ²ˆé˜³ ä¸­é›¨è½¬ä¸­åˆ°å¤§é›¨ 27â„ƒ;çŸ³å®¶åº„ å¤šäº‘è½¬æ™´ 37â„ƒ;å°åŒ— æ™´ 33â„ƒ;å¤ªåŸ æ™´ 33â„ƒ;å¤©æ´¥ å¤šäº‘è½¬æ™´ 35â„ƒ;æ­¦æ±‰ å°é›¨è½¬ä¸­é›¨ 33â„ƒ;ä¹Œé²æœ¨é½ é˜µé›¨è½¬å¤šäº‘ 28â„ƒ;è¥¿å®‰ å¤šäº‘è½¬æ™´ 34â„ƒ;é¦™æ¸¯ é›·é˜µé›¨ 33â„ƒ;è¥¿å® å¤šäº‘è½¬æ™´ 28â„ƒ;ä¸Šæµ· å°é›¨è½¬ä¸­é›¨ 31â„ƒ;é“¶å· æ™´ 34â„ƒ;':fontfile=/mnt/tool/live-tool/fonts/STFANGSO.TTF:expansion=normal:x=w-mod(max(t-1\,0)*(w+tw)/215\,(w+tw)):y=h-line_h-5:shadowx=2:shadowy=2:box=1:boxcolor=black@0.3:boxborderw=3,drawtext=fontsize=46:fontcolor=#FDE6E0:text='ç¬¬ ''ï¼– ''é›† '' ''å…± ''40 ''é›†':fontfile=/mnt/tool/live-tool/fonts/STFANGSO.TTF:expansion=normal:x=line_h\*2:y=h/2-line_h\*3:shadowx=2:shadowy=2:box=1:boxcolor=black@0.3:boxborderw=3
ffmpeg -loglevel repeat+level+warning -re -i /mnt/smb/ç”µè§†å‰§/ä»Šç”Ÿæ— æ‚”å›½è¯­720P/06.ts -map 0:1 -map 0:2 -preset ultrafast -vf delogo=x=965:y=40:w=75:h=60:show=0,eq=contrast=1:brightness=0.2,curves=preset=lighter,drawtext=fontsize=37:fontcolor=#FDE6E0:text='%{pts\:gmtime\:0\:%H\\\:%M\\\:%S}
''00\:44\:23':fontfile=/mnt/tool/live-tool/fonts/STFANGSO.TTF:expansion=normal:x=w-line_h\*8:y=h-line_h\*6:shadowx=2:shadowy=2:box=1:boxcolor=black@0.3:boxborderw=3,drawtext=fontsize=46:fontcolor=#FDE6E0:text='åŒ—äº¬ æ™´ 37â„ƒ;æ¾³é—¨ é›·é˜µé›¨ 31â„ƒ;é•¿æ˜¥ é›·é˜µé›¨ 28â„ƒ;é•¿æ²™ æ™´ 36â„ƒ;æˆéƒ½ æ™´è½¬å¤šäº‘ 35â„ƒ;ç¦å· æ™´è½¬å¤šäº‘ 39â„ƒ;å¹¿å· å¤šäº‘è½¬æ™´ 34â„ƒ;è´µé˜³ å¤šäº‘è½¬é˜´ 30â„ƒ;å“ˆå°”æ»¨ é›·é˜µé›¨è½¬å¤šäº‘ 28â„ƒ;æµ·å£ å¤šäº‘ 36â„ƒ;æ­å· é›·é˜µé›¨è½¬æ™´ 35â„ƒ;åˆè‚¥ å¤šäº‘è½¬æ™´ 35â„ƒ;å‘¼å’Œæµ©ç‰¹ å¤šäº‘è½¬æ™´ 30â„ƒ;æµå— æ™´è½¬å¤šäº‘ 39â„ƒ;æ˜†æ˜ å°é›¨è½¬é˜µé›¨ 28â„ƒ;å…°å· æ™´ 37â„ƒ;æ‹‰è¨ é˜µé›¨ 23â„ƒ;å—æ˜Œ å¤šäº‘ 36â„ƒ;å—äº¬ é˜´ 32â„ƒ;å—å® å¤šäº‘ 35â„ƒ;æ²ˆé˜³ ä¸­é›¨è½¬ä¸­åˆ°å¤§é›¨ 27â„ƒ;çŸ³å®¶åº„ å¤šäº‘è½¬æ™´ 37â„ƒ;å°åŒ— æ™´ 33â„ƒ;å¤ªåŸ æ™´ 33â„ƒ;å¤©æ´¥ å¤šäº‘è½¬æ™´ 35â„ƒ;æ­¦æ±‰ å°é›¨è½¬ä¸­é›¨ 33â„ƒ;ä¹Œé²æœ¨é½ é˜µé›¨è½¬å¤šäº‘ 28â„ƒ;è¥¿å®‰ å¤šäº‘è½¬æ™´ 34â„ƒ;é¦™æ¸¯ é›·é˜µé›¨ 33â„ƒ;è¥¿å® å¤šäº‘è½¬æ™´ 28â„ƒ;ä¸Šæµ· å°é›¨è½¬ä¸­é›¨ 31â„ƒ;é“¶å· æ™´ 34â„ƒ;':fontfile=/mnt/tool/live-tool/fonts/STFANGSO.TTF:expansion=normal:x=w-mod(max(t-1\,0)*(w+tw)/215\,(w+tw)):y=h-line_h-5:shadowx=2:shadowy=2:box=1:boxcolor=black@0.3:boxborderw=3,drawtext=fontsize=46:fontcolor=#FDE6E0:text='ç¬¬
''ï¼–
''é›†
''
''å…±
''40
''é›†':fontfile=/mnt/tool/live-tool/fonts/STFANGSO.TTF:expansion=normal:x=line_h\*2:y=h/2-line_h\*3:shadowx=2:shadowy=2:box=1:boxcolor=black@0.3:boxborderw=3 -vcodec libx264 -g 60 -b:v 6000k -c:a aac -b:a 128k -strict -2 -f flv rtmp://live-push.bilivideo.com/live-bvc/?streamname=live_97540856_1852534&key=a042d1eb6f69ca88b16f4fb9bf9a5435&schedule=rtmp&pflag=1
[mpegts @ 0x560782aa4700] [warning] start time for stream 0 is not set in estimate_timings_from_pts
